# Baseline S3 DataLoader Metrics
# Generated on: 2025-10-22 11:21:23
#
# Performance Summary:
-----Total S3 Calls: 3000
Total Fetch Time: 180.55s
Total DataLoader Time: 55.57s (96.3%)
Total GPU Time: 2.16s (3.7%)
Total Training Time: 57.72s
Average S3 Fetch Time per Image: 0.060s
S3 Calls per Second: 52.0

# Detailed Metrics:
-----total_s3_calls: 3000
total_fetch_time: 180.54510974884033
total_dataloader_time: 55.56798720359802
total_gpu_time: 2.1555163860321045
total_training_time: 57.72350358963013
avg_fetch_time: 0.060181703249613444
dataloader_percentage: 96.26579079233275
gpu_percentage: 3.734209207667251
s3_calls_per_second: 51.97189729382507

# Analysis:
-----DataLoader Time: 96.3% (waiting for data)
GPU Time: 3.7% (actual compute)
Bottleneck: 96.3% waiting time
